<t:root xmlns:t="test"
        xmlns:xsi="http://www.w3.org/2001/XMLSchema-instance"
        xsi:schemaLocation="test test.xsd">

  <!-- required b is not present (invalid) -->
  <all>
    <a>a</a>
    <c>c</c>
  </all>

</t:root>
