<t:root xmlns:t="test"
        xmlns:o="other"
        xmlns:xsi="http://www.w3.org/2001/XMLSchema-instance"
        xsi:schemaLocation="test test.xsd">

  <!-- invalid -->
  <choice>
    <c>c</c>
  </choice>

</t:root>
