<t:root xmlns:t="test">
		
  <a>123</a>	
  
</t:root>
