<t:root xmlns:t="test"
        xmlns:xsi="http://www.w3.org/2001/XMLSchema-instance"
        xsi:schemaLocation="test test.xsd">

  <a>1</a>
  <a>2</a>
  <a>3</a>

</t:root>
