<t:root xmlns:t="test"
        xmlns:xsi="http://www.w3.org/2001/XMLSchema-instance"
        xsi:schemaLocation="test test.xsd">

  <digit>1</digit>

  <gender>male</gender>
  <gender>female</gender>

</t:root>
